# JRE version: OpenJDK Runtime Environment Temurin-21.0.9+10 (21.0.9+10) (build 21.0.9+10-LTS)
# Java VM: OpenJDK 64-Bit Server VM Temurin-21.0.9+10 (21.0.9+10-LTS, mixed mode, sharing, tiered, compressed oops, compressed class ptrs, parallel gc, linux-amd64)
GC Precious Log:
 CardTable entry size: 512
 CPUs: 4 total, 4 available
 Memory: 11332M
 Large Page Support: Disabled
 NUMA Support: Disabled
 Compressed Oops: Enabled (32-bit)
 Alignments: Space 512K, Generation 512K, Heap 2M
 Heap Min Capacity: 100M
 Heap Initial Capacity: 100M
 Heap Max Capacity: 2G
 Pre-touch: Disabled
 Parallel Workers: 4
Heap:
 PSYoungGen      total 20992K, used 18284K [0x00000000d5580000, 0x00000000d7180000, 0x0000000100000000)
  eden space 20480K, 86% used [0x00000000d5580000,0x00000000d66df018,0x00000000d6980000)
  from space 512K, 96% used [0x00000000d6b80000,0x00000000d6bfc010,0x00000000d6c00000)
  to   space 4096K, 0% used [0x00000000d6d80000,0x00000000d6d80000,0x00000000d7180000)
 ParOldGen       total 68608K, used 40950K [0x0000000080000000, 0x0000000084300000, 0x00000000d5580000)
  object space 68608K, 59% used [0x0000000080000000,0x00000000827fdb18,0x0000000084300000)
 Metaspace       used 42441K, committed 43456K, reserved 1114112K
  class space    used 4135K, committed 4544K, reserved 1048576K
GC Heap History (20 events):
Event: 17.573 GC heap before
{Heap before GC invocations=22 (full 2):
 PSYoungGen      total 22528K, used 22522K [0x00000000d5580000, 0x00000000d7000000, 0x0000000100000000)
  eden space 22016K, 99% used [0x00000000d5580000,0x00000000d6aff538,0x00000000d6b00000)
  from space 512K, 99% used [0x00000000d6c00000,0x00000000d6c7f3c0,0x00000000d6c80000)
  to   space 2560K, 0% used [0x00000000d6d80000,0x00000000d6d80000,0x00000000d7000000)
 ParOldGen       total 68608K, used 29840K [0x0000000080000000, 0x0000000084300000, 0x00000000d5580000)
  object space 68608K, 43% used [0x0000000080000000,0x0000000081d241c0,0x0000000084300000)
 Metaspace       used 36770K, committed 37632K, reserved 1114112K
  class space    used 3726K, committed 4096K, reserved 1048576K
}
Event: 17.575 GC heap after
{Heap after GC invocations=22 (full 2):
 PSYoungGen      total 22528K, used 355K [0x00000000d5580000, 0x00000000d6e00000, 0x0000000100000000)
  eden space 22016K, 0% used [0x00000000d5580000,0x00000000d5580000,0x00000000d6b00000)
  from space 512K, 69% used [0x00000000d6d80000,0x00000000d6dd8d20,0x00000000d6e00000)
  to   space 1024K, 0% used [0x00000000d6c00000,0x00000000d6c00000,0x00000000d6d00000)
 ParOldGen       total 68608K, used 30364K [0x0000000080000000, 0x0000000084300000, 0x00000000d5580000)
  object space 68608K, 44% used [0x0000000080000000,0x0000000081da7308,0x0000000084300000)
 Metaspace       used 36770K, committed 37632K, reserved 1114112K
  class space    used 3726K, committed 4096K, reserved 1048576K
}
Event: 18.408 GC heap before
{Heap before GC invocations=23 (full 2):
 PSYoungGen      total 22528K, used 22371K [0x00000000d5580000, 0x00000000d6e00000, 0x0000000100000000)
  eden space 22016K, 100% used [0x00000000d5580000,0x00000000d6b00000,0x00000000d6b00000)
  from space 512K, 69% used [0x00000000d6d80000,0x00000000d6dd8d20,0x00000000d6e00000)
  to   space 1024K, 0% used [0x00000000d6c00000,0x00000000d6c00000,0x00000000d6d00000)
 ParOldGen       total 68608K, used 30364K [0x0000000080000000, 0x0000000084300000, 0x00000000d5580000)
  object space 68608K, 44% used [0x0000000080000000,0x0000000081da7308,0x0000000084300000)
 Metaspace       used 38443K, committed 39360K, reserved 1114112K
  class space    used 3857K, committed 4224K, reserved 1048576K
}
Event: 18.412 GC heap after
{Heap after GC invocations=23 (full 2):
 PSYoungGen      total 23040K, used 640K [0x00000000d5580000, 0x00000000d6e00000, 0x0000000100000000)
  eden space 22016K, 0% used [0x00000000d5580000,0x00000000d5580000,0x00000000d6b00000)
  from space 1024K, 62% used [0x00000000d6c00000,0x00000000d6ca0000,0x00000000d6d00000)
  to   space 1024K, 0% used [0x00000000d6d00000,0x00000000d6d00000,0x00000000d6e00000)
 ParOldGen       total 68608K, used 30372K [0x0000000080000000, 0x0000000084300000, 0x00000000d5580000)
  object space 68608K, 44% used [0x0000000080000000,0x0000000081da9308,0x0000000084300000)
 Metaspace       used 38443K, committed 39360K, reserved 1114112K
  class space    used 3857K, committed 4224K, reserved 1048576K
}
Event: 19.121 GC heap before
{Heap before GC invocations=24 (full 2):
 PSYoungGen      total 23040K, used 22656K [0x00000000d5580000, 0x00000000d6e00000, 0x0000000100000000)
  eden space 22016K, 100% used [0x00000000d5580000,0x00000000d6b00000,0x00000000d6b00000)
  from space 1024K, 62% used [0x00000000d6c00000,0x00000000d6ca0000,0x00000000d6d00000)
  to   space 1024K, 0% used [0x00000000d6d00000,0x00000000d6d00000,0x00000000d6e00000)
 ParOldGen       total 68608K, used 30372K [0x0000000080000000, 0x0000000084300000, 0x00000000d5580000)
  object space 68608K, 44% used [0x0000000080000000,0x0000000081da9308,0x0000000084300000)
 Metaspace       used 38683K, committed 39680K, reserved 1114112K
  class space    used 3866K, committed 4288K, reserved 1048576K
}
Event: 19.195 GC heap after
{Heap after GC invocations=24 (full 2):
 PSYoungGen      total 22528K, used 436K [0x00000000d5580000, 0x00000000d6d80000, 0x0000000100000000)
  eden space 22016K, 0% used [0x00000000d5580000,0x00000000d5580000,0x00000000d6b00000)
  from space 512K, 85% used [0x00000000d6d00000,0x00000000d6d6d250,0x00000000d6d80000)
  to   space 1024K, 0% used [0x00000000d6b80000,0x00000000d6b80000,0x00000000d6c80000)
 ParOldGen       total 68608K, used 30834K [0x0000000080000000, 0x0000000084300000, 0x00000000d5580000)
  object space 68608K, 44% used [0x0000000080000000,0x0000000081e1c830,0x0000000084300000)
 Metaspace       used 38683K, committed 39680K, reserved 1114112K
  class space    used 3866K, committed 4288K, reserved 1048576K
}
Event: 20.611 GC heap before
{Heap before GC invocations=25 (full 2):
 PSYoungGen      total 22528K, used 22452K [0x00000000d5580000, 0x00000000d6d80000, 0x0000000100000000)
  eden space 22016K, 99% used [0x00000000d5580000,0x00000000d6afffd8,0x00000000d6b00000)
  from space 512K, 85% used [0x00000000d6d00000,0x00000000d6d6d250,0x00000000d6d80000)
  to   space 1024K, 0% used [0x00000000d6b80000,0x00000000d6b80000,0x00000000d6c80000)
 ParOldGen       total 68608K, used 30834K [0x0000000080000000, 0x0000000084300000, 0x00000000d5580000)
  object space 68608K, 44% used [0x0000000080000000,0x0000000081e1c830,0x0000000084300000)
 Metaspace       used 39871K, committed 40832K, reserved 1114112K
  class space    used 3992K, committed 4416K, reserved 1048576K
}
Event: 20.623 GC heap after
{Heap after GC invocations=25 (full 2):
 PSYoungGen      total 23040K, used 1008K [0x00000000d5580000, 0x00000000d7000000, 0x0000000100000000)
  eden space 22016K, 0% used [0x00000000d5580000,0x00000000d5580000,0x00000000d6b00000)
  from space 1024K, 98% used [0x00000000d6b80000,0x00000000d6c7c048,0x00000000d6c80000)
  to   space 2560K, 0% used [0x00000000d6d80000,0x00000000d6d80000,0x00000000d7000000)
 ParOldGen       total 68608K, used 31688K [0x0000000080000000, 0x0000000084300000, 0x00000000d5580000)
  object space 68608K, 46% used [0x0000000080000000,0x0000000081ef2238,0x0000000084300000)
 Metaspace       used 39871K, committed 40832K, reserved 1114112K
  class space    used 3992K, committed 4416K, reserved 1048576K
}
Event: 21.915 GC heap before
{Heap before GC invocations=26 (full 2):
 PSYoungGen      total 23040K, used 23024K [0x00000000d5580000, 0x00000000d7000000, 0x0000000100000000)
  eden space 22016K, 100% used [0x00000000d5580000,0x00000000d6b00000,0x00000000d6b00000)
  from space 1024K, 98% used [0x00000000d6b80000,0x00000000d6c7c048,0x00000000d6c80000)
  to   space 2560K, 0% used [0x00000000d6d80000,0x00000000d6d80000,0x00000000d7000000)
 ParOldGen       total 68608K, used 31688K [0x0000000080000000, 0x0000000084300000, 0x00000000d5580000)
  object space 68608K, 46% used [0x0000000080000000,0x0000000081ef2238,0x0000000084300000)
 Metaspace       used 41071K, committed 42112K, reserved 1114112K
  class space    used 4097K, committed 4544K, reserved 1048576K
}
Event: 21.991 GC heap after
{Heap after GC invocations=26 (full 2):
 PSYoungGen      total 23040K, used 2535K [0x00000000d5580000, 0x00000000d7300000, 0x0000000100000000)
  eden space 20480K, 0% used [0x00000000d5580000,0x00000000d5580000,0x00000000d6980000)
  from space 2560K, 99% used [0x00000000d6d80000,0x00000000d6ff9d78,0x00000000d7000000)
  to   space 4096K, 0% used [0x00000000d6980000,0x00000000d6980000,0x00000000d6d80000)
 ParOldGen       total 68608K, used 32859K [0x0000000080000000, 0x0000000084300000, 0x00000000d5580000)
  object space 68608K, 47% used [0x0000000080000000,0x0000000082016cb8,0x0000000084300000)
 Metaspace       used 41071K, committed 42112K, reserved 1114112K
  class space    used 4097K, committed 4544K, reserved 1048576K
}
Event: 23.035 GC heap before
{Heap before GC invocations=27 (full 2):
 PSYoungGen      total 23040K, used 23015K [0x00000000d5580000, 0x00000000d7300000, 0x0000000100000000)
  eden space 20480K, 100% used [0x00000000d5580000,0x00000000d6980000,0x00000000d6980000)
  from space 2560K, 99% used [0x00000000d6d80000,0x00000000d6ff9d78,0x00000000d7000000)
  to   space 4096K, 0% used [0x00000000d6980000,0x00000000d6980000,0x00000000d6d80000)
 ParOldGen       total 68608K, used 32859K [0x0000000080000000, 0x0000000084300000, 0x00000000d5580000)
  object space 68608K, 47% used [0x0000000080000000,0x0000000082016cb8,0x0000000084300000)
 Metaspace       used 41585K, committed 42560K, reserved 1114112K
  class space    used 4112K, committed 4544K, reserved 1048576K
}
Event: 23.051 GC heap after
{Heap after GC invocations=27 (full 2):
 PSYoungGen      total 23040K, used 2331K [0x00000000d5580000, 0x00000000d6f80000, 0x0000000100000000)
  eden space 20480K, 0% used [0x00000000d5580000,0x00000000d5580000,0x00000000d6980000)
  from space 2560K, 91% used [0x00000000d6980000,0x00000000d6bc6f38,0x00000000d6c00000)
  to   space 3072K, 0% used [0x00000000d6c80000,0x00000000d6c80000,0x00000000d6f80000)
 ParOldGen       total 68608K, used 35313K [0x0000000080000000, 0x0000000084300000, 0x00000000d5580000)
  object space 68608K, 51% used [0x0000000080000000,0x000000008227c5a0,0x0000000084300000)
 Metaspace       used 41585K, committed 42560K, reserved 1114112K
  class space    used 4112K, committed 4544K, reserved 1048576K
}
Event: 23.382 GC heap before
{Heap before GC invocations=28 (full 2):
 PSYoungGen      total 23040K, used 22811K [0x00000000d5580000, 0x00000000d6f80000, 0x0000000100000000)
  eden space 20480K, 100% used [0x00000000d5580000,0x00000000d6980000,0x00000000d6980000)
  from space 2560K, 91% used [0x00000000d6980000,0x00000000d6bc6f38,0x00000000d6c00000)
  to   space 3072K, 0% used [0x00000000d6c80000,0x00000000d6c80000,0x00000000d6f80000)
 ParOldGen       total 68608K, used 35313K [0x0000000080000000, 0x0000000084300000, 0x00000000d5580000)
  object space 68608K, 51% used [0x0000000080000000,0x000000008227c5a0,0x0000000084300000)
 Metaspace       used 41855K, committed 42880K, reserved 1114112K
  class space    used 4116K, committed 4544K, reserved 1048576K
}
Event: 23.403 GC heap after
{Heap after GC invocations=28 (full 2):
 PSYoungGen      total 21504K, used 832K [0x00000000d5580000, 0x00000000d6d80000, 0x0000000100000000)
  eden space 20480K, 0% used [0x00000000d5580000,0x00000000d5580000,0x00000000d6980000)
  from space 1024K, 81% used [0x00000000d6c80000,0x00000000d6d50020,0x00000000d6d80000)
  to   space 1536K, 0% used [0x00000000d6a80000,0x00000000d6a80000,0x00000000d6c00000)
 ParOldGen       total 68608K, used 37520K [0x0000000080000000, 0x0000000084300000, 0x00000000d5580000)
  object space 68608K, 54% used [0x0000000080000000,0x00000000824a4158,0x0000000084300000)
 Metaspace       used 41855K, committed 42880K, reserved 1114112K
  class space    used 4116K, committed 4544K, reserved 1048576K
}
Event: 23.754 GC heap before
{Heap before GC invocations=29 (full 2):
 PSYoungGen      total 21504K, used 21312K [0x00000000d5580000, 0x00000000d6d80000, 0x0000000100000000)
  eden space 20480K, 100% used [0x00000000d5580000,0x00000000d6980000,0x00000000d6980000)
  from space 1024K, 81% used [0x00000000d6c80000,0x00000000d6d50020,0x00000000d6d80000)
  to   space 1536K, 0% used [0x00000000d6a80000,0x00000000d6a80000,0x00000000d6c00000)
 ParOldGen       total 68608K, used 37520K [0x0000000080000000, 0x0000000084300000, 0x00000000d5580000)
  object space 68608K, 54% used [0x0000000080000000,0x00000000824a4158,0x0000000084300000)
 Metaspace       used 42033K, committed 43008K, reserved 1114112K
  class space    used 4116K, committed 4544K, reserved 1048576K
}
Event: 23.761 GC heap after
{Heap after GC invocations=29 (full 2):
 PSYoungGen      total 22016K, used 288K [0x00000000d5580000, 0x00000000d6d00000, 0x0000000100000000)
  eden space 20480K, 0% used [0x00000000d5580000,0x00000000d5580000,0x00000000d6980000)
  from space 1536K, 18% used [0x00000000d6a80000,0x00000000d6ac8000,0x00000000d6c00000)
  to   space 1024K, 0% used [0x00000000d6c00000,0x00000000d6c00000,0x00000000d6d00000)
 ParOldGen       total 68608K, used 38175K [0x0000000080000000, 0x0000000084300000, 0x00000000d5580000)
  object space 68608K, 55% used [0x0000000080000000,0x0000000082547db8,0x0000000084300000)
 Metaspace       used 42033K, committed 43008K, reserved 1114112K
  class space    used 4116K, committed 4544K, reserved 1048576K
}
Event: 24.589 GC heap before
{Heap before GC invocations=30 (full 2):
 PSYoungGen      total 22016K, used 20768K [0x00000000d5580000, 0x00000000d6d00000, 0x0000000100000000)
  eden space 20480K, 100% used [0x00000000d5580000,0x00000000d6980000,0x00000000d6980000)
  from space 1536K, 18% used [0x00000000d6a80000,0x00000000d6ac8000,0x00000000d6c00000)
  to   space 1024K, 0% used [0x00000000d6c00000,0x00000000d6c00000,0x00000000d6d00000)
 ParOldGen       total 68608K, used 38175K [0x0000000080000000, 0x0000000084300000, 0x00000000d5580000)
  object space 68608K, 55% used [0x0000000080000000,0x0000000082547db8,0x0000000084300000)
 Metaspace       used 42274K, committed 43264K, reserved 1114112K
  class space    used 4129K, committed 4544K, reserved 1048576K
}
Event: 24.592 GC heap after
{Heap after GC invocations=30 (full 2):
 PSYoungGen      total 20992K, used 336K [0x00000000d5580000, 0x00000000d6c80000, 0x0000000100000000)
  eden space 20480K, 0% used [0x00000000d5580000,0x00000000d5580000,0x00000000d6980000)
  from space 512K, 65% used [0x00000000d6c00000,0x00000000d6c542c0,0x00000000d6c80000)
  to   space 512K, 0% used [0x00000000d6b80000,0x00000000d6b80000,0x00000000d6c00000)
 ParOldGen       total 68608K, used 38199K [0x0000000080000000, 0x0000000084300000, 0x00000000d5580000)
  object space 68608K, 55% used [0x0000000080000000,0x000000008254ddb8,0x0000000084300000)
 Metaspace       used 42274K, committed 43264K, reserved 1114112K
  class space    used 4129K, committed 4544K, reserved 1048576K
}
Event: 25.340 GC heap before
{Heap before GC invocations=31 (full 2):
 PSYoungGen      total 20992K, used 20816K [0x00000000d5580000, 0x00000000d6c80000, 0x0000000100000000)
  eden space 20480K, 100% used [0x00000000d5580000,0x00000000d6980000,0x00000000d6980000)
  from space 512K, 65% used [0x00000000d6c00000,0x00000000d6c542c0,0x00000000d6c80000)
  to   space 512K, 0% used [0x00000000d6b80000,0x00000000d6b80000,0x00000000d6c00000)
 ParOldGen       total 68608K, used 38199K [0x0000000080000000, 0x0000000084300000, 0x00000000d5580000)
  object space 68608K, 55% used [0x0000000080000000,0x000000008254ddb8,0x0000000084300000)
 Metaspace       used 42401K, committed 43392K, reserved 1114112K
  class space    used 4133K, committed 4544K, reserved 1048576K
}
Event: 25.360 GC heap after
{Heap after GC invocations=31 (full 2):
 PSYoungGen      total 20992K, used 496K [0x00000000d5580000, 0x00000000d7180000, 0x0000000100000000)
  eden space 20480K, 0% used [0x00000000d5580000,0x00000000d5580000,0x00000000d6980000)
  from space 512K, 96% used [0x00000000d6b80000,0x00000000d6bfc010,0x00000000d6c00000)
  to   space 4096K, 0% used [0x00000000d6d80000,0x00000000d6d80000,0x00000000d7180000)
 ParOldGen       total 68608K, used 40950K [0x0000000080000000, 0x0000000084300000, 0x00000000d5580000)
  object space 68608K, 59% used [0x0000000080000000,0x00000000827fdb18,0x0000000084300000)
 Metaspace       used 42401K, committed 43392K, reserved 1114112K
  class space    used 4133K, committed 4544K, reserved 1048576K
}

