# JRE version: Java(TM) SE Runtime Environment (21.0.9+7) (build 21.0.9+7-LTS-338)
# Java VM: Java HotSpot(TM) 64-Bit Server VM (21.0.9+7-LTS-338, mixed mode, sharing, tiered, compressed oops, compressed class ptrs, g1 gc, linux-amd64)
GC Precious Log:
 CardTable entry size: 512
 Card Set container configuration: InlinePtr #cards 5 size 8 Array Of Cards #cards 12 size 40 Howl #buckets 4 coarsen threshold 1843 Howl Bitmap #cards 512 size 80 coarsen threshold 460 Card regions per heap region 1 cards per card region 2048
 CPUs: 4 total, 4 available
 Memory: 11332M
 Large Page Support: Disabled
 NUMA Support: Disabled
 Compressed Oops: Enabled (32-bit)
 Heap Region Size: 1M
 Heap Min Capacity: 256M
 Heap Initial Capacity: 256M
 Heap Max Capacity: 512M
 Pre-touch: Disabled
 Parallel Workers: 4
 Concurrent Workers: 1
 Concurrent Refinement Workers: 4
 Periodic GC: Disabled
Heap:
 garbage-first heap   total 262144K, used 187335K [0x00000000e0000000, 0x0000000100000000)
  region size 1024K, 131 young (134144K), 14 survivors (14336K)
 Metaspace       used 69487K, committed 71488K, reserved 393216K
  class space    used 9430K, committed 10432K, reserved 327680K
GC Heap History (20 events):
Event: 0.557 GC heap before
{Heap before GC invocations=0 (full 0):
 garbage-first heap   total 264192K, used 14390K [0x00000000e0000000, 0x0000000100000000)
  region size 1024K, 13 young (13312K), 0 survivors (0K)
 Metaspace       used 792K, committed 960K, reserved 393216K
  class space    used 67K, committed 128K, reserved 327680K
}
Event: 0.567 GC heap after
{Heap after GC invocations=1 (full 0):
 garbage-first heap   total 264192K, used 2039K [0x00000000e0000000, 0x0000000100000000)
  region size 1024K, 1 young (1024K), 1 survivors (1024K)
 Metaspace       used 792K, committed 960K, reserved 393216K
  class space    used 67K, committed 128K, reserved 327680K
}
Event: 1.818 GC heap before
{Heap before GC invocations=1 (full 0):
 garbage-first heap   total 264192K, used 33783K [0x00000000e0000000, 0x0000000100000000)
  region size 1024K, 29 young (29696K), 1 survivors (1024K)
 Metaspace       used 4329K, committed 4544K, reserved 393216K
  class space    used 530K, committed 640K, reserved 327680K
}
Event: 1.828 GC heap after
{Heap after GC invocations=2 (full 0):
 garbage-first heap   total 264192K, used 12640K [0x00000000e0000000, 0x0000000100000000)
  region size 1024K, 4 young (4096K), 4 survivors (4096K)
 Metaspace       used 4329K, committed 4544K, reserved 393216K
  class space    used 530K, committed 640K, reserved 327680K
}
Event: 7.816 GC heap before
{Heap before GC invocations=2 (full 0):
 garbage-first heap   total 264192K, used 105824K [0x00000000e0000000, 0x0000000100000000)
  region size 1024K, 94 young (96256K), 4 survivors (4096K)
 Metaspace       used 17612K, committed 18176K, reserved 393216K
  class space    used 2419K, committed 2688K, reserved 327680K
}
Event: 7.839 GC heap after
{Heap after GC invocations=3 (full 0):
 garbage-first heap   total 264192K, used 22943K [0x00000000e0000000, 0x0000000100000000)
  region size 1024K, 12 young (12288K), 12 survivors (12288K)
 Metaspace       used 17612K, committed 18176K, reserved 393216K
  class space    used 2419K, committed 2688K, reserved 327680K
}
Event: 10.375 GC heap before
{Heap before GC invocations=3 (full 0):
 garbage-first heap   total 264192K, used 48543K [0x00000000e0000000, 0x0000000100000000)
  region size 1024K, 38 young (38912K), 12 survivors (12288K)
 Metaspace       used 20858K, committed 21504K, reserved 393216K
  class space    used 2968K, committed 3264K, reserved 327680K
}
Event: 10.404 GC heap after
{Heap after GC invocations=4 (full 0):
 garbage-first heap   total 264192K, used 25503K [0x00000000e0000000, 0x0000000100000000)
  region size 1024K, 3 young (3072K), 3 survivors (3072K)
 Metaspace       used 20858K, committed 21504K, reserved 393216K
  class space    used 2968K, committed 3264K, reserved 327680K
}
Event: 18.130 GC heap before
{Heap before GC invocations=5 (full 0):
 garbage-first heap   total 262144K, used 128927K [0x00000000e0000000, 0x0000000100000000)
  region size 1024K, 106 young (108544K), 3 survivors (3072K)
 Metaspace       used 34632K, committed 35968K, reserved 393216K
  class space    used 5027K, committed 5696K, reserved 327680K
}
Event: 18.152 GC heap after
{Heap after GC invocations=6 (full 0):
 garbage-first heap   total 262144K, used 32640K [0x00000000e0000000, 0x0000000100000000)
  region size 1024K, 10 young (10240K), 10 survivors (10240K)
 Metaspace       used 34632K, committed 35968K, reserved 393216K
  class space    used 5027K, committed 5696K, reserved 327680K
}
Event: 18.165 GC heap before
{Heap before GC invocations=6 (full 0):
 garbage-first heap   total 262144K, used 32640K [0x00000000e0000000, 0x0000000100000000)
  region size 1024K, 11 young (11264K), 10 survivors (10240K)
 Metaspace       used 34911K, committed 36288K, reserved 393216K
  class space    used 5049K, committed 5760K, reserved 327680K
}
Event: 18.175 GC heap after
{Heap after GC invocations=7 (full 0):
 garbage-first heap   total 262144K, used 33029K [0x00000000e0000000, 0x0000000100000000)
  region size 1024K, 8 young (8192K), 8 survivors (8192K)
 Metaspace       used 34911K, committed 36288K, reserved 393216K
  class space    used 5049K, committed 5760K, reserved 327680K
}
Event: 18.196 GC heap before
{Heap before GC invocations=7 (full 0):
 garbage-first heap   total 262144K, used 33029K [0x00000000e0000000, 0x0000000100000000)
  region size 1024K, 9 young (9216K), 8 survivors (8192K)
 Metaspace       used 35278K, committed 36608K, reserved 393216K
  class space    used 5095K, committed 5760K, reserved 327680K
}
Event: 18.205 GC heap after
{Heap after GC invocations=8 (full 0):
 garbage-first heap   total 262144K, used 33539K [0x00000000e0000000, 0x0000000100000000)
  region size 1024K, 9 young (9216K), 9 survivors (9216K)
 Metaspace       used 35278K, committed 36608K, reserved 393216K
  class space    used 5095K, committed 5760K, reserved 327680K
}
Event: 21.876 GC heap before
{Heap before GC invocations=9 (full 0):
 garbage-first heap   total 262144K, used 187139K [0x00000000e0000000, 0x0000000100000000)
  region size 1024K, 153 young (156672K), 9 survivors (9216K)
 Metaspace       used 50344K, committed 52032K, reserved 393216K
  class space    used 6975K, committed 7808K, reserved 327680K
}
Event: 21.922 GC heap after
{Heap after GC invocations=10 (full 0):
 garbage-first heap   total 262144K, used 44906K [0x00000000e0000000, 0x0000000100000000)
  region size 1024K, 20 young (20480K), 20 survivors (20480K)
 Metaspace       used 50344K, committed 52032K, reserved 393216K
  class space    used 6975K, committed 7808K, reserved 327680K
}
Event: 29.239 GC heap before
{Heap before GC invocations=10 (full 0):
 garbage-first heap   total 262144K, used 180074K [0x00000000e0000000, 0x0000000100000000)
  region size 1024K, 153 young (156672K), 20 survivors (20480K)
 Metaspace       used 58270K, committed 60032K, reserved 393216K
  class space    used 7940K, committed 8832K, reserved 327680K
}
Event: 29.287 GC heap after
{Heap after GC invocations=11 (full 0):
 garbage-first heap   total 262144K, used 52736K [0x00000000e0000000, 0x0000000100000000)
  region size 1024K, 9 young (9216K), 9 survivors (9216K)
 Metaspace       used 58270K, committed 60032K, reserved 393216K
  class space    used 7940K, committed 8832K, reserved 327680K
}
Event: 30.322 GC heap before
{Heap before GC invocations=11 (full 0):
 garbage-first heap   total 262144K, used 107008K [0x00000000e0000000, 0x0000000100000000)
  region size 1024K, 60 young (61440K), 9 survivors (9216K)
 Metaspace       used 60239K, committed 62016K, reserved 393216K
  class space    used 8192K, committed 9088K, reserved 327680K
}
Event: 30.337 GC heap after
{Heap after GC invocations=12 (full 0):
 garbage-first heap   total 262144K, used 62407K [0x00000000e0000000, 0x0000000100000000)
  region size 1024K, 14 young (14336K), 14 survivors (14336K)
 Metaspace       used 60239K, committed 62016K, reserved 393216K
  class space    used 8192K, committed 9088K, reserved 327680K
}

