# JRE version: OpenJDK Runtime Environment Temurin-21.0.9+10 (21.0.9+10) (build 21.0.9+10-LTS)
# Java VM: OpenJDK 64-Bit Server VM Temurin-21.0.9+10 (21.0.9+10-LTS, mixed mode, sharing, tiered, compressed oops, compressed class ptrs, parallel gc, linux-amd64)
GC Precious Log:
 CardTable entry size: 512
 CPUs: 4 total, 4 available
 Memory: 11332M
 Large Page Support: Disabled
 NUMA Support: Disabled
 Compressed Oops: Enabled (32-bit)
 Alignments: Space 512K, Generation 512K, Heap 2M
 Heap Min Capacity: 100M
 Heap Initial Capacity: 100M
 Heap Max Capacity: 2G
 Pre-touch: Disabled
 Parallel Workers: 4
Heap:
 PSYoungGen      total 23552K, used 19212K [0x00000000d5580000, 0x00000000d7180000, 0x0000000100000000)
  eden space 22016K, 80% used [0x00000000d5580000,0x00000000d66e72b0,0x00000000d6b00000)
  from space 1536K, 90% used [0x00000000d6f00000,0x00000000d705c010,0x00000000d7080000)
  to   space 1024K, 0% used [0x00000000d7080000,0x00000000d7080000,0x00000000d7180000)
 ParOldGen       total 68608K, used 20407K [0x0000000080000000, 0x0000000084300000, 0x00000000d5580000)
  object space 68608K, 29% used [0x0000000080000000,0x00000000813edff0,0x0000000084300000)
 Metaspace       used 41715K, committed 42880K, reserved 1114112K
  class space    used 4501K, committed 4992K, reserved 1048576K
GC Heap History (20 events):
Event: 17.854 GC heap before
{Heap before GC invocations=8 (full 1):
 PSYoungGen      total 29184K, used 4554K [0x00000000d5580000, 0x00000000d7680000, 0x0000000100000000)
  eden space 24576K, 0% used [0x00000000d5580000,0x00000000d5580000,0x00000000d6d80000)
  from space 4608K, 98% used [0x00000000d6e80000,0x00000000d72f2a78,0x00000000d7300000)
  to   space 3584K, 0% used [0x00000000d7300000,0x00000000d7300000,0x00000000d7680000)
 ParOldGen       total 68608K, used 9505K [0x0000000080000000, 0x0000000084300000, 0x00000000d5580000)
  object space 68608K, 13% used [0x0000000080000000,0x0000000080948560,0x0000000084300000)
 Metaspace       used 20565K, committed 21504K, reserved 1114112K
  class space    used 2189K, committed 2624K, reserved 1048576K
}
Event: 18.036 GC heap after
{Heap after GC invocations=8 (full 1):
 PSYoungGen      total 29184K, used 0K [0x00000000d5580000, 0x00000000d7680000, 0x0000000100000000)
  eden space 24576K, 0% used [0x00000000d5580000,0x00000000d5580000,0x00000000d6d80000)
  from space 4608K, 0% used [0x00000000d6e80000,0x00000000d6e80000,0x00000000d7300000)
  to   space 3584K, 0% used [0x00000000d7300000,0x00000000d7300000,0x00000000d7680000)
 ParOldGen       total 68608K, used 13542K [0x0000000080000000, 0x0000000084300000, 0x00000000d5580000)
  object space 68608K, 19% used [0x0000000080000000,0x0000000080d39bf0,0x0000000084300000)
 Metaspace       used 20552K, committed 21504K, reserved 1114112K
  class space    used 2185K, committed 2624K, reserved 1048576K
}
Event: 19.016 GC heap before
{Heap before GC invocations=9 (full 1):
 PSYoungGen      total 29184K, used 24576K [0x00000000d5580000, 0x00000000d7680000, 0x0000000100000000)
  eden space 24576K, 100% used [0x00000000d5580000,0x00000000d6d80000,0x00000000d6d80000)
  from space 4608K, 0% used [0x00000000d6e80000,0x00000000d6e80000,0x00000000d7300000)
  to   space 3584K, 0% used [0x00000000d7300000,0x00000000d7300000,0x00000000d7680000)
 ParOldGen       total 68608K, used 13542K [0x0000000080000000, 0x0000000084300000, 0x00000000d5580000)
  object space 68608K, 19% used [0x0000000080000000,0x0000000080d39bf0,0x0000000084300000)
 Metaspace       used 23146K, committed 24000K, reserved 1114112K
  class space    used 2349K, committed 2752K, reserved 1048576K
}
Event: 19.034 GC heap after
{Heap after GC invocations=9 (full 1):
 PSYoungGen      total 24576K, used 416K [0x00000000d5580000, 0x00000000d7380000, 0x0000000100000000)
  eden space 24064K, 0% used [0x00000000d5580000,0x00000000d5580000,0x00000000d6d00000)
  from space 512K, 81% used [0x00000000d7300000,0x00000000d7368000,0x00000000d7380000)
  to   space 2048K, 0% used [0x00000000d6f80000,0x00000000d6f80000,0x00000000d7180000)
 ParOldGen       total 68608K, used 13542K [0x0000000080000000, 0x0000000084300000, 0x00000000d5580000)
  object space 68608K, 19% used [0x0000000080000000,0x0000000080d39bf0,0x0000000084300000)
 Metaspace       used 23146K, committed 24000K, reserved 1114112K
  class space    used 2349K, committed 2752K, reserved 1048576K
}
Event: 19.750 GC heap before
{Heap before GC invocations=10 (full 1):
 PSYoungGen      total 24576K, used 24324K [0x00000000d5580000, 0x00000000d7380000, 0x0000000100000000)
  eden space 24064K, 99% used [0x00000000d5580000,0x00000000d6cd91f0,0x00000000d6d00000)
  from space 512K, 81% used [0x00000000d7300000,0x00000000d7368000,0x00000000d7380000)
  to   space 2048K, 0% used [0x00000000d6f80000,0x00000000d6f80000,0x00000000d7180000)
 ParOldGen       total 68608K, used 13542K [0x0000000080000000, 0x0000000084300000, 0x00000000d5580000)
  object space 68608K, 19% used [0x0000000080000000,0x0000000080d39bf0,0x0000000084300000)
 Metaspace       used 26629K, committed 27584K, reserved 1114112K
  class space    used 2754K, committed 3136K, reserved 1048576K
}
Event: 19.776 GC heap after
{Heap after GC invocations=10 (full 1):
 PSYoungGen      total 25600K, used 736K [0x00000000d5580000, 0x00000000d7380000, 0x0000000100000000)
  eden space 23552K, 0% used [0x00000000d5580000,0x00000000d5580000,0x00000000d6c80000)
  from space 2048K, 35% used [0x00000000d6f80000,0x00000000d7038000,0x00000000d7180000)
  to   space 1024K, 0% used [0x00000000d7280000,0x00000000d7280000,0x00000000d7380000)
 ParOldGen       total 68608K, used 13550K [0x0000000080000000, 0x0000000084300000, 0x00000000d5580000)
  object space 68608K, 19% used [0x0000000080000000,0x0000000080d3bbf0,0x0000000084300000)
 Metaspace       used 26629K, committed 27584K, reserved 1114112K
  class space    used 2754K, committed 3136K, reserved 1048576K
}
Event: 20.294 GC heap before
{Heap before GC invocations=11 (full 1):
 PSYoungGen      total 25600K, used 24288K [0x00000000d5580000, 0x00000000d7380000, 0x0000000100000000)
  eden space 23552K, 100% used [0x00000000d5580000,0x00000000d6c80000,0x00000000d6c80000)
  from space 2048K, 35% used [0x00000000d6f80000,0x00000000d7038000,0x00000000d7180000)
  to   space 1024K, 0% used [0x00000000d7280000,0x00000000d7280000,0x00000000d7380000)
 ParOldGen       total 68608K, used 13550K [0x0000000080000000, 0x0000000084300000, 0x00000000d5580000)
  object space 68608K, 19% used [0x0000000080000000,0x0000000080d3bbf0,0x0000000084300000)
 Metaspace       used 28223K, committed 29120K, reserved 1114112K
  class space    used 2897K, committed 3264K, reserved 1048576K
}
Event: 20.308 GC heap after
{Heap after GC invocations=11 (full 1):
 PSYoungGen      total 24064K, used 686K [0x00000000d5580000, 0x00000000d7380000, 0x0000000100000000)
  eden space 23040K, 0% used [0x00000000d5580000,0x00000000d5580000,0x00000000d6c00000)
  from space 1024K, 67% used [0x00000000d7280000,0x00000000d732b890,0x00000000d7380000)
  to   space 1024K, 0% used [0x00000000d7180000,0x00000000d7180000,0x00000000d7280000)
 ParOldGen       total 68608K, used 15417K [0x0000000080000000, 0x0000000084300000, 0x00000000d5580000)
  object space 68608K, 22% used [0x0000000080000000,0x0000000080f0e610,0x0000000084300000)
 Metaspace       used 28223K, committed 29120K, reserved 1114112K
  class space    used 2897K, committed 3264K, reserved 1048576K
}
Event: 20.967 GC heap before
{Heap before GC invocations=12 (full 1):
 PSYoungGen      total 24064K, used 23726K [0x00000000d5580000, 0x00000000d7380000, 0x0000000100000000)
  eden space 23040K, 100% used [0x00000000d5580000,0x00000000d6c00000,0x00000000d6c00000)
  from space 1024K, 67% used [0x00000000d7280000,0x00000000d732b890,0x00000000d7380000)
  to   space 1024K, 0% used [0x00000000d7180000,0x00000000d7180000,0x00000000d7280000)
 ParOldGen       total 68608K, used 15417K [0x0000000080000000, 0x0000000084300000, 0x00000000d5580000)
  object space 68608K, 22% used [0x0000000080000000,0x0000000080f0e610,0x0000000084300000)
 Metaspace       used 30028K, committed 30976K, reserved 1114112K
  class space    used 3091K, committed 3456K, reserved 1048576K
}
Event: 20.991 GC heap after
{Heap after GC invocations=12 (full 1):
 PSYoungGen      total 23552K, used 994K [0x00000000d5580000, 0x00000000d7300000, 0x0000000100000000)
  eden space 22528K, 0% used [0x00000000d5580000,0x00000000d5580000,0x00000000d6b80000)
  from space 1024K, 97% used [0x00000000d7180000,0x00000000d7278890,0x00000000d7280000)
  to   space 512K, 0% used [0x00000000d7280000,0x00000000d7280000,0x00000000d7300000)
 ParOldGen       total 68608K, used 16065K [0x0000000080000000, 0x0000000084300000, 0x00000000d5580000)
  object space 68608K, 23% used [0x0000000080000000,0x0000000080fb06f8,0x0000000084300000)
 Metaspace       used 30028K, committed 30976K, reserved 1114112K
  class space    used 3091K, committed 3456K, reserved 1048576K
}
Event: 21.683 GC heap before
{Heap before GC invocations=13 (full 1):
 PSYoungGen      total 23552K, used 23522K [0x00000000d5580000, 0x00000000d7300000, 0x0000000100000000)
  eden space 22528K, 100% used [0x00000000d5580000,0x00000000d6b80000,0x00000000d6b80000)
  from space 1024K, 97% used [0x00000000d7180000,0x00000000d7278890,0x00000000d7280000)
  to   space 512K, 0% used [0x00000000d7280000,0x00000000d7280000,0x00000000d7300000)
 ParOldGen       total 68608K, used 16065K [0x0000000080000000, 0x0000000084300000, 0x00000000d5580000)
  object space 68608K, 23% used [0x0000000080000000,0x0000000080fb06f8,0x0000000084300000)
 Metaspace       used 32751K, committed 33792K, reserved 1114112K
  class space    used 3387K, committed 3840K, reserved 1048576K
}
Event: 21.701 GC heap after
{Heap after GC invocations=13 (full 1):
 PSYoungGen      total 22528K, used 488K [0x00000000d5580000, 0x00000000d7300000, 0x0000000100000000)
  eden space 22016K, 0% used [0x00000000d5580000,0x00000000d5580000,0x00000000d6b00000)
  from space 512K, 95% used [0x00000000d7280000,0x00000000d72fa3f0,0x00000000d7300000)
  to   space 2560K, 0% used [0x00000000d6e00000,0x00000000d6e00000,0x00000000d7080000)
 ParOldGen       total 68608K, used 17575K [0x0000000080000000, 0x0000000084300000, 0x00000000d5580000)
  object space 68608K, 25% used [0x0000000080000000,0x0000000081129e70,0x0000000084300000)
 Metaspace       used 32751K, committed 33792K, reserved 1114112K
  class space    used 3387K, committed 3840K, reserved 1048576K
}
Event: 22.094 GC heap before
{Heap before GC invocations=14 (full 1):
 PSYoungGen      total 22528K, used 20986K [0x00000000d5580000, 0x00000000d7300000, 0x0000000100000000)
  eden space 22016K, 93% used [0x00000000d5580000,0x00000000d6984440,0x00000000d6b00000)
  from space 512K, 95% used [0x00000000d7280000,0x00000000d72fa3f0,0x00000000d7300000)
  to   space 2560K, 0% used [0x00000000d6e00000,0x00000000d6e00000,0x00000000d7080000)
 ParOldGen       total 68608K, used 17575K [0x0000000080000000, 0x0000000084300000, 0x00000000d5580000)
  object space 68608K, 25% used [0x0000000080000000,0x0000000081129e70,0x0000000084300000)
 Metaspace       used 34796K, committed 35840K, reserved 1114112K
  class space    used 3643K, committed 4096K, reserved 1048576K
}
Event: 22.109 GC heap after
{Heap after GC invocations=14 (full 1):
 PSYoungGen      total 24576K, used 1545K [0x00000000d5580000, 0x00000000d7300000, 0x0000000100000000)
  eden space 22016K, 0% used [0x00000000d5580000,0x00000000d5580000,0x00000000d6b00000)
  from space 2560K, 60% used [0x00000000d6e00000,0x00000000d6f82718,0x00000000d7080000)
  to   space 2048K, 0% used [0x00000000d7100000,0x00000000d7100000,0x00000000d7300000)
 ParOldGen       total 68608K, used 18057K [0x0000000080000000, 0x0000000084300000, 0x00000000d5580000)
  object space 68608K, 26% used [0x0000000080000000,0x00000000811a2600,0x0000000084300000)
 Metaspace       used 34796K, committed 35840K, reserved 1114112K
  class space    used 3643K, committed 4096K, reserved 1048576K
}
Event: 22.109 GC heap before
{Heap before GC invocations=15 (full 2):
 PSYoungGen      total 24576K, used 1545K [0x00000000d5580000, 0x00000000d7300000, 0x0000000100000000)
  eden space 22016K, 0% used [0x00000000d5580000,0x00000000d5580000,0x00000000d6b00000)
  from space 2560K, 60% used [0x00000000d6e00000,0x00000000d6f82718,0x00000000d7080000)
  to   space 2048K, 0% used [0x00000000d7100000,0x00000000d7100000,0x00000000d7300000)
 ParOldGen       total 68608K, used 18057K [0x0000000080000000, 0x0000000084300000, 0x00000000d5580000)
  object space 68608K, 26% used [0x0000000080000000,0x00000000811a2600,0x0000000084300000)
 Metaspace       used 34796K, committed 35840K, reserved 1114112K
  class space    used 3643K, committed 4096K, reserved 1048576K
}
Event: 22.423 GC heap after
{Heap after GC invocations=15 (full 2):
 PSYoungGen      total 24576K, used 0K [0x00000000d5580000, 0x00000000d7300000, 0x0000000100000000)
  eden space 22016K, 0% used [0x00000000d5580000,0x00000000d5580000,0x00000000d6b00000)
  from space 2560K, 0% used [0x00000000d6e00000,0x00000000d6e00000,0x00000000d7080000)
  to   space 2048K, 0% used [0x00000000d7100000,0x00000000d7100000,0x00000000d7300000)
 ParOldGen       total 68608K, used 18663K [0x0000000080000000, 0x0000000084300000, 0x00000000d5580000)
  object space 68608K, 27% used [0x0000000080000000,0x0000000081239fb0,0x0000000084300000)
 Metaspace       used 34796K, committed 35840K, reserved 1114112K
  class space    used 3643K, committed 4096K, reserved 1048576K
}
Event: 23.113 GC heap before
{Heap before GC invocations=16 (full 2):
 PSYoungGen      total 24576K, used 22016K [0x00000000d5580000, 0x00000000d7300000, 0x0000000100000000)
  eden space 22016K, 100% used [0x00000000d5580000,0x00000000d6b00000,0x00000000d6b00000)
  from space 2560K, 0% used [0x00000000d6e00000,0x00000000d6e00000,0x00000000d7080000)
  to   space 2048K, 0% used [0x00000000d7100000,0x00000000d7100000,0x00000000d7300000)
 ParOldGen       total 68608K, used 18663K [0x0000000080000000, 0x0000000084300000, 0x00000000d5580000)
  object space 68608K, 27% used [0x0000000080000000,0x0000000081239fb0,0x0000000084300000)
 Metaspace       used 37436K, committed 38592K, reserved 1114112K
  class space    used 3984K, committed 4480K, reserved 1048576K
}
Event: 23.143 GC heap after
{Heap after GC invocations=16 (full 2):
 PSYoungGen      total 24064K, used 1904K [0x00000000d5580000, 0x00000000d7300000, 0x0000000100000000)
  eden space 22016K, 0% used [0x00000000d5580000,0x00000000d5580000,0x00000000d6b00000)
  from space 2048K, 92% used [0x00000000d7100000,0x00000000d72dc010,0x00000000d7300000)
  to   space 2048K, 0% used [0x00000000d6f00000,0x00000000d6f00000,0x00000000d7100000)
 ParOldGen       total 68608K, used 18671K [0x0000000080000000, 0x0000000084300000, 0x00000000d5580000)
  object space 68608K, 27% used [0x0000000080000000,0x000000008123bfb0,0x0000000084300000)
 Metaspace       used 37436K, committed 38592K, reserved 1114112K
  class space    used 3984K, committed 4480K, reserved 1048576K
}
Event: 23.639 GC heap before
{Heap before GC invocations=17 (full 2):
 PSYoungGen      total 24064K, used 23920K [0x00000000d5580000, 0x00000000d7300000, 0x0000000100000000)
  eden space 22016K, 100% used [0x00000000d5580000,0x00000000d6b00000,0x00000000d6b00000)
  from space 2048K, 92% used [0x00000000d7100000,0x00000000d72dc010,0x00000000d7300000)
  to   space 2048K, 0% used [0x00000000d6f00000,0x00000000d6f00000,0x00000000d7100000)
 ParOldGen       total 68608K, used 18671K [0x0000000080000000, 0x0000000084300000, 0x00000000d5580000)
  object space 68608K, 27% used [0x0000000080000000,0x000000008123bfb0,0x0000000084300000)
 Metaspace       used 39780K, committed 40960K, reserved 1114112K
  class space    used 4278K, committed 4800K, reserved 1048576K
}
Event: 23.658 GC heap after
{Heap after GC invocations=17 (full 2):
 PSYoungGen      total 23552K, used 1392K [0x00000000d5580000, 0x00000000d7180000, 0x0000000100000000)
  eden space 22016K, 0% used [0x00000000d5580000,0x00000000d5580000,0x00000000d6b00000)
  from space 1536K, 90% used [0x00000000d6f00000,0x00000000d705c010,0x00000000d7080000)
  to   space 1024K, 0% used [0x00000000d7080000,0x00000000d7080000,0x00000000d7180000)
 ParOldGen       total 68608K, used 20407K [0x0000000080000000, 0x0000000084300000, 0x00000000d5580000)
  object space 68608K, 29% used [0x0000000080000000,0x00000000813edff0,0x0000000084300000)
 Metaspace       used 39780K, committed 40960K, reserved 1114112K
  class space    used 4278K, committed 4800K, reserved 1048576K
}

