# JRE version: Java(TM) SE Runtime Environment (21.0.9+7) (build 21.0.9+7-LTS-338)
# Java VM: Java HotSpot(TM) 64-Bit Server VM (21.0.9+7-LTS-338, mixed mode, sharing, tiered, compressed oops, compressed class ptrs, serial gc, linux-amd64)
GC Precious Log:
 CardTable entry size: 512
 CPUs: 4 total, 4 available
 Memory: 11332M
 Large Page Support: Disabled
 NUMA Support: Disabled
 Compressed Oops: Enabled (32-bit)
 Heap Min Capacity: 8M
 Heap Initial Capacity: 178M
 Heap Max Capacity: 1G
 Pre-touch: Disabled
Heap:
 def new generation   total 54720K, used 9239K [0x00000000c0000000, 0x00000000c3b60000, 0x00000000d5550000)
  eden space 48640K,  15% used [0x00000000c0000000, 0x00000000c0723668, 0x00000000c2f80000)
  from space 6080K,  31% used [0x00000000c2f80000, 0x00000000c3162740, 0x00000000c3570000)
  to   space 6080K,   0% used [0x00000000c3570000, 0x00000000c3570000, 0x00000000c3b60000)
 tenured generation   total 121536K, used 15786K [0x00000000d5550000, 0x00000000dcc00000, 0x0000000100000000)
   the space 121536K,  12% used [0x00000000d5550000, 0x00000000d64ba890, 0x00000000d64baa00, 0x00000000dcc00000)
 Metaspace       used 41746K, committed 42304K, reserved 1114112K
  class space    used 5226K, committed 5440K, reserved 1048576K
GC Heap History (20 events):
Event: 0.979 GC heap before
{Heap before GC invocations=0 (full 0):
 def new generation   total 54720K, used 48704K [0x00000000c0000000, 0x00000000c3b50000, 0x00000000d5550000)
  eden space 48704K, 100% used [0x00000000c0000000, 0x00000000c2f90000, 0x00000000c2f90000)
  from space 6016K,   0% used [0x00000000c2f90000, 0x00000000c2f90000, 0x00000000c3570000)
  to   space 6016K,   0% used [0x00000000c3570000, 0x00000000c3570000, 0x00000000c3b50000)
 tenured generation   total 121536K, used 1078K [0x00000000d5550000, 0x00000000dcc00000, 0x0000000100000000)
   the space 121536K,   0% used [0x00000000d5550000, 0x00000000d565d8b0, 0x00000000d565da00, 0x00000000dcc00000)
 Metaspace       used 5596K, committed 5952K, reserved 1114112K
  class space    used 618K, committed 768K, reserved 1048576K
}
Event: 0.990 GC heap after
{Heap after GC invocations=1 (full 0):
 def new generation   total 54720K, used 2889K [0x00000000c0000000, 0x00000000c3b50000, 0x00000000d5550000)
  eden space 48704K,   0% used [0x00000000c0000000, 0x00000000c0000000, 0x00000000c2f90000)
  from space 6016K,  48% used [0x00000000c3570000, 0x00000000c38424b8, 0x00000000c3b50000)
  to   space 6016K,   0% used [0x00000000c2f90000, 0x00000000c2f90000, 0x00000000c3570000)
 tenured generation   total 121536K, used 1078K [0x00000000d5550000, 0x00000000dcc00000, 0x0000000100000000)
   the space 121536K,   0% used [0x00000000d5550000, 0x00000000d565d8b0, 0x00000000d565da00, 0x00000000dcc00000)
 Metaspace       used 5596K, committed 5952K, reserved 1114112K
  class space    used 618K, committed 768K, reserved 1048576K
}
Event: 1.597 GC heap before
{Heap before GC invocations=1 (full 0):
 def new generation   total 54720K, used 51593K [0x00000000c0000000, 0x00000000c3b50000, 0x00000000d5550000)
  eden space 48704K, 100% used [0x00000000c0000000, 0x00000000c2f90000, 0x00000000c2f90000)
  from space 6016K,  48% used [0x00000000c3570000, 0x00000000c38424b8, 0x00000000c3b50000)
  to   space 6016K,   0% used [0x00000000c2f90000, 0x00000000c2f90000, 0x00000000c3570000)
 tenured generation   total 121536K, used 1078K [0x00000000d5550000, 0x00000000dcc00000, 0x0000000100000000)
   the space 121536K,   0% used [0x00000000d5550000, 0x00000000d565d8b0, 0x00000000d565da00, 0x00000000dcc00000)
 Metaspace       used 11147K, committed 11520K, reserved 1114112K
  class space    used 1311K, committed 1472K, reserved 1048576K
}
Event: 1.606 GC heap after
{Heap after GC invocations=2 (full 0):
 def new generation   total 54720K, used 4211K [0x00000000c0000000, 0x00000000c3b50000, 0x00000000d5550000)
  eden space 48704K,   0% used [0x00000000c0000000, 0x00000000c0000000, 0x00000000c2f90000)
  from space 6016K,  70% used [0x00000000c2f90000, 0x00000000c33aceb0, 0x00000000c3570000)
  to   space 6016K,   0% used [0x00000000c3570000, 0x00000000c3570000, 0x00000000c3b50000)
 tenured generation   total 121536K, used 1078K [0x00000000d5550000, 0x00000000dcc00000, 0x0000000100000000)
   the space 121536K,   0% used [0x00000000d5550000, 0x00000000d565d8b0, 0x00000000d565da00, 0x00000000dcc00000)
 Metaspace       used 11147K, committed 11520K, reserved 1114112K
  class space    used 1311K, committed 1472K, reserved 1048576K
}
Event: 2.013 GC heap before
{Heap before GC invocations=2 (full 0):
 def new generation   total 54720K, used 52915K [0x00000000c0000000, 0x00000000c3b50000, 0x00000000d5550000)
  eden space 48704K, 100% used [0x00000000c0000000, 0x00000000c2f90000, 0x00000000c2f90000)
  from space 6016K,  70% used [0x00000000c2f90000, 0x00000000c33aceb0, 0x00000000c3570000)
  to   space 6016K,   0% used [0x00000000c3570000, 0x00000000c3570000, 0x00000000c3b50000)
 tenured generation   total 121536K, used 1078K [0x00000000d5550000, 0x00000000dcc00000, 0x0000000100000000)
   the space 121536K,   0% used [0x00000000d5550000, 0x00000000d565d8b0, 0x00000000d565da00, 0x00000000dcc00000)
 Metaspace       used 16153K, committed 16576K, reserved 1114112K
  class space    used 1927K, committed 2112K, reserved 1048576K
}
Event: 2.024 GC heap after
{Heap after GC invocations=3 (full 0):
 def new generation   total 54720K, used 2995K [0x00000000c0000000, 0x00000000c3b50000, 0x00000000d5550000)
  eden space 48704K,   0% used [0x00000000c0000000, 0x00000000c0000000, 0x00000000c2f90000)
  from space 6016K,  49% used [0x00000000c3570000, 0x00000000c385cd20, 0x00000000c3b50000)
  to   space 6016K,   0% used [0x00000000c2f90000, 0x00000000c2f90000, 0x00000000c3570000)
 tenured generation   total 121536K, used 3870K [0x00000000d5550000, 0x00000000dcc00000, 0x0000000100000000)
   the space 121536K,   3% used [0x00000000d5550000, 0x00000000d5917b98, 0x00000000d5917c00, 0x00000000dcc00000)
 Metaspace       used 16153K, committed 16576K, reserved 1114112K
  class space    used 1927K, committed 2112K, reserved 1048576K
}
Event: 2.590 GC heap before
{Heap before GC invocations=3 (full 0):
 def new generation   total 54720K, used 51699K [0x00000000c0000000, 0x00000000c3b50000, 0x00000000d5550000)
  eden space 48704K, 100% used [0x00000000c0000000, 0x00000000c2f90000, 0x00000000c2f90000)
  from space 6016K,  49% used [0x00000000c3570000, 0x00000000c385cd20, 0x00000000c3b50000)
  to   space 6016K,   0% used [0x00000000c2f90000, 0x00000000c2f90000, 0x00000000c3570000)
 tenured generation   total 121536K, used 3870K [0x00000000d5550000, 0x00000000dcc00000, 0x0000000100000000)
   the space 121536K,   3% used [0x00000000d5550000, 0x00000000d5917b98, 0x00000000d5917c00, 0x00000000dcc00000)
 Metaspace       used 19445K, committed 19776K, reserved 1114112K
  class space    used 2276K, committed 2432K, reserved 1048576K
}
Event: 2.607 GC heap after
{Heap after GC invocations=4 (full 0):
 def new generation   total 54720K, used 5673K [0x00000000c0000000, 0x00000000c3b50000, 0x00000000d5550000)
  eden space 48704K,   0% used [0x00000000c0000000, 0x00000000c0000000, 0x00000000c2f90000)
  from space 6016K,  94% used [0x00000000c2f90000, 0x00000000c351a598, 0x00000000c3570000)
  to   space 6016K,   0% used [0x00000000c3570000, 0x00000000c3570000, 0x00000000c3b50000)
 tenured generation   total 121536K, used 3870K [0x00000000d5550000, 0x00000000dcc00000, 0x0000000100000000)
   the space 121536K,   3% used [0x00000000d5550000, 0x00000000d5917b98, 0x00000000d5917c00, 0x00000000dcc00000)
 Metaspace       used 19445K, committed 19776K, reserved 1114112K
  class space    used 2276K, committed 2432K, reserved 1048576K
}
Event: 2.961 GC heap before
{Heap before GC invocations=4 (full 0):
 def new generation   total 54720K, used 37179K [0x00000000c0000000, 0x00000000c3b50000, 0x00000000d5550000)
  eden space 48704K,  64% used [0x00000000c0000000, 0x00000000c1ec4720, 0x00000000c2f90000)
  from space 6016K,  94% used [0x00000000c2f90000, 0x00000000c351a598, 0x00000000c3570000)
  to   space 6016K,   0% used [0x00000000c3570000, 0x00000000c3570000, 0x00000000c3b50000)
 tenured generation   total 121536K, used 3870K [0x00000000d5550000, 0x00000000dcc00000, 0x0000000100000000)
   the space 121536K,   3% used [0x00000000d5550000, 0x00000000d5917b98, 0x00000000d5917c00, 0x00000000dcc00000)
 Metaspace       used 21163K, committed 21504K, reserved 1114112K
  class space    used 2473K, committed 2624K, reserved 1048576K
}
Event: 2.997 GC heap after
{Heap after GC invocations=5 (full 1):
 def new generation   total 54720K, used 0K [0x00000000c0000000, 0x00000000c3b60000, 0x00000000d5550000)
  eden space 48640K,   0% used [0x00000000c0000000, 0x00000000c0000000, 0x00000000c2f80000)
  from space 6080K,   0% used [0x00000000c2f80000, 0x00000000c2f80000, 0x00000000c3570000)
  to   space 6080K,   0% used [0x00000000c3570000, 0x00000000c3570000, 0x00000000c3b60000)
 tenured generation   total 121536K, used 10015K [0x00000000d5550000, 0x00000000dcc00000, 0x0000000100000000)
   the space 121536K,   8% used [0x00000000d5550000, 0x00000000d5f17ed0, 0x00000000d5f18000, 0x00000000dcc00000)
 Metaspace       used 21163K, committed 21504K, reserved 1114112K
  class space    used 2473K, committed 2624K, reserved 1048576K
}
Event: 3.629 GC heap before
{Heap before GC invocations=5 (full 1):
 def new generation   total 54720K, used 48640K [0x00000000c0000000, 0x00000000c3b60000, 0x00000000d5550000)
  eden space 48640K, 100% used [0x00000000c0000000, 0x00000000c2f80000, 0x00000000c2f80000)
  from space 6080K,   0% used [0x00000000c2f80000, 0x00000000c2f80000, 0x00000000c3570000)
  to   space 6080K,   0% used [0x00000000c3570000, 0x00000000c3570000, 0x00000000c3b60000)
 tenured generation   total 121536K, used 10015K [0x00000000d5550000, 0x00000000dcc00000, 0x0000000100000000)
   the space 121536K,   8% used [0x00000000d5550000, 0x00000000d5f17ed0, 0x00000000d5f18000, 0x00000000dcc00000)
 Metaspace       used 24146K, committed 24512K, reserved 1114112K
  class space    used 2983K, committed 3136K, reserved 1048576K
}
Event: 3.635 GC heap after
{Heap after GC invocations=6 (full 1):
 def new generation   total 54720K, used 1254K [0x00000000c0000000, 0x00000000c3b60000, 0x00000000d5550000)
  eden space 48640K,   0% used [0x00000000c0000000, 0x00000000c0000000, 0x00000000c2f80000)
  from space 6080K,  20% used [0x00000000c3570000, 0x00000000c36a98b0, 0x00000000c3b60000)
  to   space 6080K,   0% used [0x00000000c2f80000, 0x00000000c2f80000, 0x00000000c3570000)
 tenured generation   total 121536K, used 10015K [0x00000000d5550000, 0x00000000dcc00000, 0x0000000100000000)
   the space 121536K,   8% used [0x00000000d5550000, 0x00000000d5f17ed0, 0x00000000d5f18000, 0x00000000dcc00000)
 Metaspace       used 24146K, committed 24512K, reserved 1114112K
  class space    used 2983K, committed 3136K, reserved 1048576K
}
Event: 4.230 GC heap before
{Heap before GC invocations=6 (full 1):
 def new generation   total 54720K, used 49894K [0x00000000c0000000, 0x00000000c3b60000, 0x00000000d5550000)
  eden space 48640K, 100% used [0x00000000c0000000, 0x00000000c2f80000, 0x00000000c2f80000)
  from space 6080K,  20% used [0x00000000c3570000, 0x00000000c36a98b0, 0x00000000c3b60000)
  to   space 6080K,   0% used [0x00000000c2f80000, 0x00000000c2f80000, 0x00000000c3570000)
 tenured generation   total 121536K, used 10015K [0x00000000d5550000, 0x00000000dcc00000, 0x0000000100000000)
   the space 121536K,   8% used [0x00000000d5550000, 0x00000000d5f17ed0, 0x00000000d5f18000, 0x00000000dcc00000)
 Metaspace       used 27967K, committed 28480K, reserved 1114112K
  class space    used 3520K, committed 3776K, reserved 1048576K
}
Event: 4.240 GC heap after
{Heap after GC invocations=7 (full 1):
 def new generation   total 54720K, used 3210K [0x00000000c0000000, 0x00000000c3b60000, 0x00000000d5550000)
  eden space 48640K,   0% used [0x00000000c0000000, 0x00000000c0000000, 0x00000000c2f80000)
  from space 6080K,  52% used [0x00000000c2f80000, 0x00000000c32a2b08, 0x00000000c3570000)
  to   space 6080K,   0% used [0x00000000c3570000, 0x00000000c3570000, 0x00000000c3b60000)
 tenured generation   total 121536K, used 10015K [0x00000000d5550000, 0x00000000dcc00000, 0x0000000100000000)
   the space 121536K,   8% used [0x00000000d5550000, 0x00000000d5f17ed0, 0x00000000d5f18000, 0x00000000dcc00000)
 Metaspace       used 27967K, committed 28480K, reserved 1114112K
  class space    used 3520K, committed 3776K, reserved 1048576K
}
Event: 4.897 GC heap before
{Heap before GC invocations=7 (full 1):
 def new generation   total 54720K, used 51850K [0x00000000c0000000, 0x00000000c3b60000, 0x00000000d5550000)
  eden space 48640K, 100% used [0x00000000c0000000, 0x00000000c2f80000, 0x00000000c2f80000)
  from space 6080K,  52% used [0x00000000c2f80000, 0x00000000c32a2b08, 0x00000000c3570000)
  to   space 6080K,   0% used [0x00000000c3570000, 0x00000000c3570000, 0x00000000c3b60000)
 tenured generation   total 121536K, used 10015K [0x00000000d5550000, 0x00000000dcc00000, 0x0000000100000000)
   the space 121536K,   8% used [0x00000000d5550000, 0x00000000d5f17ed0, 0x00000000d5f18000, 0x00000000dcc00000)
 Metaspace       used 33325K, committed 33856K, reserved 1114112K
  class space    used 4163K, committed 4416K, reserved 1048576K
}
Event: 4.914 GC heap after
{Heap after GC invocations=8 (full 1):
 def new generation   total 54720K, used 4069K [0x00000000c0000000, 0x00000000c3b60000, 0x00000000d5550000)
  eden space 48640K,   0% used [0x00000000c0000000, 0x00000000c0000000, 0x00000000c2f80000)
  from space 6080K,  66% used [0x00000000c3570000, 0x00000000c39697c0, 0x00000000c3b60000)
  to   space 6080K,   0% used [0x00000000c2f80000, 0x00000000c2f80000, 0x00000000c3570000)
 tenured generation   total 121536K, used 11082K [0x00000000d5550000, 0x00000000dcc00000, 0x0000000100000000)
   the space 121536K,   9% used [0x00000000d5550000, 0x00000000d6022938, 0x00000000d6022a00, 0x00000000dcc00000)
 Metaspace       used 33325K, committed 33856K, reserved 1114112K
  class space    used 4163K, committed 4416K, reserved 1048576K
}
Event: 5.134 GC heap before
{Heap before GC invocations=8 (full 1):
 def new generation   total 54720K, used 19828K [0x00000000c0000000, 0x00000000c3b60000, 0x00000000d5550000)
  eden space 48640K,  32% used [0x00000000c0000000, 0x00000000c0f639e8, 0x00000000c2f80000)
  from space 6080K,  66% used [0x00000000c3570000, 0x00000000c39697c0, 0x00000000c3b60000)
  to   space 6080K,   0% used [0x00000000c2f80000, 0x00000000c2f80000, 0x00000000c3570000)
 tenured generation   total 121536K, used 11082K [0x00000000d5550000, 0x00000000dcc00000, 0x0000000100000000)
   the space 121536K,   9% used [0x00000000d5550000, 0x00000000d6022938, 0x00000000d6022a00, 0x00000000dcc00000)
 Metaspace       used 35345K, committed 35840K, reserved 1114112K
  class space    used 4349K, committed 4608K, reserved 1048576K
}
Event: 5.181 GC heap after
{Heap after GC invocations=9 (full 2):
 def new generation   total 54720K, used 0K [0x00000000c0000000, 0x00000000c3b60000, 0x00000000d5550000)
  eden space 48640K,   0% used [0x00000000c0000000, 0x00000000c0000000, 0x00000000c2f80000)
  from space 6080K,   0% used [0x00000000c3570000, 0x00000000c3570000, 0x00000000c3b60000)
  to   space 6080K,   0% used [0x00000000c2f80000, 0x00000000c2f80000, 0x00000000c3570000)
 tenured generation   total 121536K, used 15786K [0x00000000d5550000, 0x00000000dcc00000, 0x0000000100000000)
   the space 121536K,  12% used [0x00000000d5550000, 0x00000000d64ba890, 0x00000000d64baa00, 0x00000000dcc00000)
 Metaspace       used 35345K, committed 35840K, reserved 1114112K
  class space    used 4349K, committed 4608K, reserved 1048576K
}
Event: 5.882 GC heap before
{Heap before GC invocations=9 (full 2):
 def new generation   total 54720K, used 48640K [0x00000000c0000000, 0x00000000c3b60000, 0x00000000d5550000)
  eden space 48640K, 100% used [0x00000000c0000000, 0x00000000c2f80000, 0x00000000c2f80000)
  from space 6080K,   0% used [0x00000000c3570000, 0x00000000c3570000, 0x00000000c3b60000)
  to   space 6080K,   0% used [0x00000000c2f80000, 0x00000000c2f80000, 0x00000000c3570000)
 tenured generation   total 121536K, used 15786K [0x00000000d5550000, 0x00000000dcc00000, 0x0000000100000000)
   the space 121536K,  12% used [0x00000000d5550000, 0x00000000d64ba890, 0x00000000d64baa00, 0x00000000dcc00000)
 Metaspace       used 40964K, committed 41536K, reserved 1114112K
  class space    used 5090K, committed 5312K, reserved 1048576K
}
Event: 5.895 GC heap after
{Heap after GC invocations=10 (full 2):
 def new generation   total 54720K, used 1929K [0x00000000c0000000, 0x00000000c3b60000, 0x00000000d5550000)
  eden space 48640K,   0% used [0x00000000c0000000, 0x00000000c0000000, 0x00000000c2f80000)
  from space 6080K,  31% used [0x00000000c2f80000, 0x00000000c3162740, 0x00000000c3570000)
  to   space 6080K,   0% used [0x00000000c3570000, 0x00000000c3570000, 0x00000000c3b60000)
 tenured generation   total 121536K, used 15786K [0x00000000d5550000, 0x00000000dcc00000, 0x0000000100000000)
   the space 121536K,  12% used [0x00000000d5550000, 0x00000000d64ba890, 0x00000000d64baa00, 0x00000000dcc00000)
 Metaspace       used 40964K, committed 41536K, reserved 1114112K
  class space    used 5090K, committed 5312K, reserved 1048576K
}

