# JRE version: Java(TM) SE Runtime Environment (21.0.9+7) (build 21.0.9+7-LTS-338)
# Java VM: Java HotSpot(TM) 64-Bit Server VM (21.0.9+7-LTS-338, mixed mode, emulated-client, sharing, tiered, compressed oops, compressed class ptrs, g1 gc, linux-amd64)
GC Precious Log:
 CardTable entry size: 512
 Card Set container configuration: InlinePtr #cards 4 size 8 Array Of Cards #cards 16 size 48 Howl #buckets 8 coarsen threshold 3686 Howl Bitmap #cards 512 size 80 coarsen threshold 460 Card regions per heap region 1 cards per card region 4096
 CPUs: 4 total, 4 available
 Memory: 11332M
 Large Page Support: Disabled
 NUMA Support: Disabled
 Compressed Oops: Enabled (Zero based)
 Heap Region Size: 2M
 Heap Min Capacity: 8M
 Heap Initial Capacity: 178M
 Heap Max Capacity: 2834M
 Pre-touch: Disabled
 Parallel Workers: 4
 Concurrent Workers: 1
 Concurrent Refinement Workers: 4
 Periodic GC: Disabled
Heap:
 garbage-first heap   total 102400K, used 21558K [0x000000074ee00000, 0x0000000800000000)
  region size 2048K, 2 young (4096K), 1 survivors (2048K)
 Metaspace       used 36236K, committed 36736K, reserved 1114112K
  class space    used 4989K, committed 5248K, reserved 1048576K
GC Heap History (14 events):
Event: 0.258 GC heap before
{Heap before GC invocations=0 (full 0):
 garbage-first heap   total 184320K, used 11318K [0x000000074ee00000, 0x0000000800000000)
  region size 2048K, 6 young (12288K), 0 survivors (0K)
 Metaspace       used 2338K, committed 2496K, reserved 1114112K
  class space    used 267K, committed 320K, reserved 1048576K
}
Event: 0.262 GC heap after
{Heap after GC invocations=1 (full 0):
 garbage-first heap   total 184320K, used 7262K [0x000000074ee00000, 0x0000000800000000)
  region size 2048K, 1 young (2048K), 1 survivors (2048K)
 Metaspace       used 2338K, committed 2496K, reserved 1114112K
  class space    used 267K, committed 320K, reserved 1048576K
}
Event: 0.426 GC heap before
{Heap before GC invocations=1 (full 0):
 garbage-first heap   total 184320K, used 15454K [0x000000074ee00000, 0x0000000800000000)
  region size 2048K, 5 young (10240K), 1 survivors (2048K)
 Metaspace       used 4890K, committed 5056K, reserved 1114112K
  class space    used 620K, committed 704K, reserved 1048576K
}
Event: 0.429 GC heap after
{Heap after GC invocations=2 (full 0):
 garbage-first heap   total 184320K, used 8035K [0x000000074ee00000, 0x0000000800000000)
  region size 2048K, 1 young (2048K), 1 survivors (2048K)
 Metaspace       used 4890K, committed 5056K, reserved 1114112K
  class space    used 620K, committed 704K, reserved 1048576K
}
Event: 0.662 GC heap before
{Heap before GC invocations=2 (full 0):
 garbage-first heap   total 184320K, used 26467K [0x000000074ee00000, 0x0000000800000000)
  region size 2048K, 10 young (20480K), 1 survivors (2048K)
 Metaspace       used 9399K, committed 9728K, reserved 1114112K
  class space    used 1229K, committed 1408K, reserved 1048576K
}
Event: 0.664 GC heap after
{Heap after GC invocations=3 (full 0):
 garbage-first heap   total 184320K, used 9309K [0x000000074ee00000, 0x0000000800000000)
  region size 2048K, 1 young (2048K), 1 survivors (2048K)
 Metaspace       used 9399K, committed 9728K, reserved 1114112K
  class space    used 1229K, committed 1408K, reserved 1048576K
}
Event: 1.716 GC heap before
{Heap before GC invocations=3 (full 0):
 garbage-first heap   total 184320K, used 80989K [0x000000074ee00000, 0x0000000800000000)
  region size 2048K, 37 young (75776K), 1 survivors (2048K)
 Metaspace       used 21132K, committed 21504K, reserved 1114112K
  class space    used 2884K, committed 3072K, reserved 1048576K
}
Event: 1.743 GC heap after
{Heap after GC invocations=4 (full 0):
 garbage-first heap   total 184320K, used 15476K [0x000000074ee00000, 0x0000000800000000)
  region size 2048K, 4 young (8192K), 4 survivors (8192K)
 Metaspace       used 21132K, committed 21504K, reserved 1114112K
  class space    used 2884K, committed 3072K, reserved 1048576K
}
Event: 2.573 GC heap before
{Heap before GC invocations=5 (full 0):
 garbage-first heap   total 69632K, used 66676K [0x000000074ee00000, 0x0000000800000000)
  region size 2048K, 29 young (59392K), 4 survivors (8192K)
 Metaspace       used 29726K, committed 30272K, reserved 1114112K
  class space    used 4065K, committed 4288K, reserved 1048576K
}
Event: 2.588 GC heap after
{Heap after GC invocations=6 (full 0):
 garbage-first heap   total 102400K, used 20182K [0x000000074ee00000, 0x0000000800000000)
  region size 2048K, 6 young (12288K), 6 survivors (12288K)
 Metaspace       used 29726K, committed 30272K, reserved 1114112K
  class space    used 4065K, committed 4288K, reserved 1048576K
}
Event: 3.954 GC heap before
{Heap before GC invocations=6 (full 0):
 garbage-first heap   total 102400K, used 42710K [0x000000074ee00000, 0x0000000800000000)
  region size 2048K, 18 young (36864K), 6 survivors (12288K)
 Metaspace       used 35603K, committed 36096K, reserved 1114112K
  class space    used 4864K, committed 5120K, reserved 1048576K
}
Event: 3.971 GC heap after
{Heap after GC invocations=7 (full 0):
 garbage-first heap   total 102400K, used 21261K [0x000000074ee00000, 0x0000000800000000)
  region size 2048K, 3 young (6144K), 3 survivors (6144K)
 Metaspace       used 35603K, committed 36096K, reserved 1114112K
  class space    used 4864K, committed 5120K, reserved 1048576K
}
Event: 3.990 GC heap before
{Heap before GC invocations=7 (full 0):
 garbage-first heap   total 102400K, used 21261K [0x000000074ee00000, 0x0000000800000000)
  region size 2048K, 4 young (8192K), 3 survivors (6144K)
 Metaspace       used 35922K, committed 36416K, reserved 1114112K
  class space    used 4930K, committed 5184K, reserved 1048576K
}
Event: 3.998 GC heap after
{Heap after GC invocations=8 (full 0):
 garbage-first heap   total 102400K, used 21558K [0x000000074ee00000, 0x0000000800000000)
  region size 2048K, 1 young (2048K), 1 survivors (2048K)
 Metaspace       used 35922K, committed 36416K, reserved 1114112K
  class space    used 4930K, committed 5184K, reserved 1048576K
}

